26.08.2020-17:16:56 User agent: Mozilla/5.0 (Windows NT 10.0; Win64; x64) AppleWebKit/537.36 (KHTML, like Gecko) Chrome/84.0.4147.135 Safari/537.36, 200: 8, 304: 6, 404: 1, duration: 089
26.08.2020-17:17:06 User agent: Mozilla/5.0 (Windows NT 10.0; Win64; x64) AppleWebKit/537.36 (KHTML, like Gecko) Chrome/84.0.4147.135 Safari/537.36, 200: 8, 304: 6, 404: 1, duration: 089
26.08.2020-17:17:16 User agent: Mozilla/5.0 (Windows NT 10.0; Win64; x64) AppleWebKit/537.36 (KHTML, like Gecko) Chrome/84.0.4147.135 Safari/537.36, 200: 8, 304: 6, 400: 1, 404: 1, duration: 089
26.08.2020-17:17:26 User agent: Mozilla/5.0 (Windows NT 10.0; Win64; x64) AppleWebKit/537.36 (KHTML, like Gecko) Chrome/84.0.4147.135 Safari/537.36, 200: 8, 304: 9, 400: 1, 404: 1, duration: 089
26.08.2020-17:17:26 User agent: Mozilla/5.0 (Linux; Android 6.0; Nexus 5 Build/MRA58N) AppleWebKit/537.36 (KHTML, like Gecko) Chrome/84.0.4147.135 Mobile Safari/537.36, 200: 2, duration: 011
26.08.2020-17:17:36 User agent: Mozilla/5.0 (Windows NT 10.0; Win64; x64) AppleWebKit/537.36 (KHTML, like Gecko) Chrome/84.0.4147.135 Safari/537.36, 200: 8, 304: 9, 400: 1, 404: 1, duration: 089
26.08.2020-17:17:36 User agent: Mozilla/5.0 (Linux; Android 6.0; Nexus 5 Build/MRA58N) AppleWebKit/537.36 (KHTML, like Gecko) Chrome/84.0.4147.135 Mobile Safari/537.36, 200: 2, duration: 011
26.08.2020-17:17:46 User agent: Mozilla/5.0 (Windows NT 10.0; Win64; x64) AppleWebKit/537.36 (KHTML, like Gecko) Chrome/84.0.4147.135 Safari/537.36, 200: 8, 304: 9, 400: 1, 404: 1, duration: 089
26.08.2020-17:17:46 User agent: Mozilla/5.0 (Linux; Android 6.0; Nexus 5 Build/MRA58N) AppleWebKit/537.36 (KHTML, like Gecko) Chrome/84.0.4147.135 Mobile Safari/537.36, 200: 3, 304: 9, duration: 011
26.08.2020-17:17:56 User agent: Mozilla/5.0 (Windows NT 10.0; Win64; x64) AppleWebKit/537.36 (KHTML, like Gecko) Chrome/84.0.4147.135 Safari/537.36, 200: 8, 304: 9, 400: 1, 404: 1, duration: 089
26.08.2020-17:17:56 User agent: Mozilla/5.0 (Linux; Android 6.0; Nexus 5 Build/MRA58N) AppleWebKit/537.36 (KHTML, like Gecko) Chrome/84.0.4147.135 Mobile Safari/537.36, 200: 4, 304: 17, duration: 011
26.08.2020-17:18:06 User agent: Mozilla/5.0 (Windows NT 10.0; Win64; x64) AppleWebKit/537.36 (KHTML, like Gecko) Chrome/84.0.4147.135 Safari/537.36, 200: 8, 304: 9, 400: 1, 404: 1, duration: 089
26.08.2020-17:18:06 User agent: Mozilla/5.0 (Linux; Android 6.0; Nexus 5 Build/MRA58N) AppleWebKit/537.36 (KHTML, like Gecko) Chrome/84.0.4147.135 Mobile Safari/537.36, 200: 9, 302: 1, 304: 25, duration: 011
26.08.2020-17:18:16 User agent: Mozilla/5.0 (Windows NT 10.0; Win64; x64) AppleWebKit/537.36 (KHTML, like Gecko) Chrome/84.0.4147.135 Safari/537.36, 200: 8, 304: 9, 400: 1, 404: 1, duration: 089
26.08.2020-17:18:16 User agent: Mozilla/5.0 (Linux; Android 6.0; Nexus 5 Build/MRA58N) AppleWebKit/537.36 (KHTML, like Gecko) Chrome/84.0.4147.135 Mobile Safari/537.36, 200: 12, 302: 1, 304: 34, duration: 011
26.08.2020-17:18:26 User agent: Mozilla/5.0 (Windows NT 10.0; Win64; x64) AppleWebKit/537.36 (KHTML, like Gecko) Chrome/84.0.4147.135 Safari/537.36, 200: 8, 304: 9, 400: 1, 404: 1, duration: 089
26.08.2020-17:18:26 User agent: Mozilla/5.0 (Linux; Android 6.0; Nexus 5 Build/MRA58N) AppleWebKit/537.36 (KHTML, like Gecko) Chrome/84.0.4147.135 Mobile Safari/537.36, 200: 13, 302: 1, 304: 45, duration: 011
26.08.2020-17:18:36 User agent: Mozilla/5.0 (Windows NT 10.0; Win64; x64) AppleWebKit/537.36 (KHTML, like Gecko) Chrome/84.0.4147.135 Safari/537.36, 200: 9, 304: 20, 400: 1, 404: 1, duration: 089
26.08.2020-17:18:36 User agent: Mozilla/5.0 (Linux; Android 6.0; Nexus 5 Build/MRA58N) AppleWebKit/537.36 (KHTML, like Gecko) Chrome/84.0.4147.135 Mobile Safari/537.36, 200: 13, 302: 1, 304: 45, duration: 011
26.08.2020-17:18:46 User agent: Mozilla/5.0 (Windows NT 10.0; Win64; x64) AppleWebKit/537.36 (KHTML, like Gecko) Chrome/84.0.4147.135 Safari/537.36, 200: 9, 304: 20, 400: 1, 404: 1, duration: 089
26.08.2020-17:18:46 User agent: Mozilla/5.0 (Linux; Android 6.0; Nexus 5 Build/MRA58N) AppleWebKit/537.36 (KHTML, like Gecko) Chrome/84.0.4147.135 Mobile Safari/537.36, 200: 13, 302: 1, 304: 45, duration: 011
26.08.2020-17:18:56 User agent: Mozilla/5.0 (Windows NT 10.0; Win64; x64) AppleWebKit/537.36 (KHTML, like Gecko) Chrome/84.0.4147.135 Safari/537.36, 200: 9, 304: 20, 400: 1, 404: 1, duration: 089
26.08.2020-17:18:56 User agent: Mozilla/5.0 (Linux; Android 6.0; Nexus 5 Build/MRA58N) AppleWebKit/537.36 (KHTML, like Gecko) Chrome/84.0.4147.135 Mobile Safari/537.36, 200: 13, 302: 1, 304: 45, duration: 011
26.08.2020-17:19:06 User agent: Mozilla/5.0 (Windows NT 10.0; Win64; x64) AppleWebKit/537.36 (KHTML, like Gecko) Chrome/84.0.4147.135 Safari/537.36, 200: 10, 302: 1, 304: 33, 400: 1, 404: 1, duration: 089
26.08.2020-17:19:06 User agent: Mozilla/5.0 (Linux; Android 6.0; Nexus 5 Build/MRA58N) AppleWebKit/537.36 (KHTML, like Gecko) Chrome/84.0.4147.135 Mobile Safari/537.36, 200: 13, 302: 1, 304: 45, duration: 011
26.08.2020-17:19:16 User agent: Mozilla/5.0 (Windows NT 10.0; Win64; x64) AppleWebKit/537.36 (KHTML, like Gecko) Chrome/84.0.4147.135 Safari/537.36, 200: 10, 302: 1, 304: 38, 400: 1, 404: 1, duration: 089
26.08.2020-17:19:16 User agent: Mozilla/5.0 (Linux; Android 6.0; Nexus 5 Build/MRA58N) AppleWebKit/537.36 (KHTML, like Gecko) Chrome/84.0.4147.135 Mobile Safari/537.36, 200: 13, 302: 1, 304: 45, duration: 011
26.08.2020-17:19:26 User agent: Mozilla/5.0 (Windows NT 10.0; Win64; x64) AppleWebKit/537.36 (KHTML, like Gecko) Chrome/84.0.4147.135 Safari/537.36, 200: 10, 302: 1, 304: 38, 400: 1, 404: 1, duration: 089
26.08.2020-17:19:26 User agent: Mozilla/5.0 (Linux; Android 6.0; Nexus 5 Build/MRA58N) AppleWebKit/537.36 (KHTML, like Gecko) Chrome/84.0.4147.135 Mobile Safari/537.36, 200: 13, 302: 1, 304: 45, duration: 011
